<?xml version="1.0" encoding="UTF-8"?>
<!-- Generated by org.testng.reporters.JUnitXMLReporter -->
<testsuite ignored="0" hostname="JENSI" failures="0" tests="5" name="Facebook Login TestCases" time="30.397" errors="0" timestamp="2023-06-28T12:29:23 GMT-04:00">
  <testcase classname="com.fb.qa.testcases.LoginPageTest" name="emptyEmailloginTest" time="4.358"/>
  <testcase classname="com.fb.qa.testcases.LoginPageTest" name="emptyPassloginTest" time="4.358"/>
  <testcase classname="com.fb.qa.testcases.ForgetPassBtnTest" name="EmptyEmailSearch" time="2.902"/>
  <testcase classname="com.fb.qa.testcases.ForgetPassBtnTest" name="WrongEmailSearch" time="3.056"/>
  <testcase classname="com.fb.qa.testcases.CreateAnAccountTest" name="ClickOnCreateAnAccountBtn" time="0.0">
    <skipped/>
  </testcase> <!-- ClickOnCreateAnAccountBtn -->
</testsuite> <!-- Facebook Login TestCases -->
