<?xml version="1.0" encoding="UTF-8"?>
<!-- Generated by org.testng.reporters.JUnitXMLReporter -->
<testsuite ignored="0" hostname="JENSI" failures="0" tests="5" name="Surefire test" time="42.373" errors="0" timestamp="28 Jun 2023 16:37:27 GMT">
  <testcase classname="com.fb.qa.testcases.CreateAnAccountTest" name="ClickOnCreateAnAccountBtn" time="1.792"/>
  <testcase classname="com.fb.qa.testcases.ForgetPassBtnTest" name="EmptyEmailSearch" time="3.024"/>
  <testcase classname="com.fb.qa.testcases.LoginPageTest" name="emptyEmailloginTest" time="4.305"/>
  <testcase classname="com.fb.qa.testcases.ForgetPassBtnTest" name="WrongEmailSearch" time="3.01"/>
  <testcase classname="com.fb.qa.testcases.LoginPageTest" name="emptyPassloginTest" time="4.334"/>
</testsuite> <!-- Surefire test -->
