<?xml version="1.0" encoding="UTF-8"?>
<testsuite xmlns:xsi="http://www.w3.org/2001/XMLSchema-instance" xsi:noNamespaceSchemaLocation="https://maven.apache.org/surefire/maven-surefire-plugin/xsd/surefire-test-report.xsd" name="TestSuite" time="43.774" tests="5" errors="0" skipped="0" failures="0">
  <properties>
[...]
</properties>
  <testcase name="ClickOnCreateAnAccountBtn" classname="com.fb.qa.testcases.CreateAnAccountTest" time="1.79"/>
  <testcase name="EmptyEmailSearch" classname="com.fb.qa.testcases.ForgetPassBtnTest" time="3.023"/>
  <testcase name="emptyEmailloginTest" classname="com.fb.qa.testcases.LoginPageTest" time="4.304"/>
  <testcase name="WrongEmailSearch" classname="com.fb.qa.testcases.ForgetPassBtnTest" time="3.009"/>
  <testcase name="emptyPassloginTest" classname="com.fb.qa.testcases.LoginPageTest" time="4.335"/>
</testsuite>