<?xml version="1.0" encoding="UTF-8"?>
<testng-results ignored="0" total="5" passed="5" failed="0" skipped="0">
  <reporter-output>
  </reporter-output>
  <suite started-at="2023-06-28T16:36:45Z" name="Surefire suite" finished-at="2023-06-28T16:37:27Z" duration-ms="42373">
    <groups>
    </groups>
    <test started-at="2023-06-28T16:36:45Z" name="Surefire test" finished-at="2023-06-28T16:37:27Z" duration-ms="42373">
      <class name="com.fb.qa.testcases.CreateAnAccountTest">
        <test-method is-config="true" signature="setUp()[pri:0, instance:com.fb.qa.testcases.CreateAnAccountTest@1033576a]" started-at="2023-06-28T12:36:45Z" name="setUp" finished-at="2023-06-28T12:36:50Z" duration-ms="5641" status="PASS">
          <reporter-output>
          </reporter-output>
        </test-method> <!-- setUp -->
        <test-method signature="ClickOnCreateAnAccountBtn(java.lang.String, java.lang.String, java.lang.String, java.lang.String, java.lang.String, java.lang.String)[pri:0, instance:com.fb.qa.testcases.CreateAnAccountTest@1033576a]" started-at="2023-06-28T12:36:50Z" name="ClickOnCreateAnAccountBtn" data-provider="getFbTestData" finished-at="2023-06-28T12:36:52Z" duration-ms="1792" status="PASS">
          <params>
            <param index="0">
              <value>
                <![CDATA[patel]]>
              </value>
            </param>
            <param index="1">
              <value>
                <![CDATA[jensi.pate12345@outlook.com]]>
              </value>
            </param>
            <param index="2">
              <value>
                <![CDATA[jensi---12345]]>
              </value>
            </param>
            <param index="3">
              <value>
                <![CDATA[5.0]]>
              </value>
            </param>
            <param index="4">
              <value>
                <![CDATA[28.0]]>
              </value>
            </param>
            <param index="5">
              <value>
                <![CDATA[1995.0]]>
              </value>
            </param>
          </params>
          <reporter-output>
          </reporter-output>
        </test-method> <!-- ClickOnCreateAnAccountBtn -->
        <test-method is-config="true" signature="closeBrowser()[pri:0, instance:com.fb.qa.testcases.CreateAnAccountTest@1033576a]" started-at="2023-06-28T12:36:52Z" name="closeBrowser" finished-at="2023-06-28T12:36:53Z" duration-ms="893" status="PASS">
          <reporter-output>
          </reporter-output>
        </test-method> <!-- closeBrowser -->
      </class> <!-- com.fb.qa.testcases.CreateAnAccountTest -->
      <class name="com.fb.qa.testcases.ForgetPassBtnTest">
        <test-method is-config="true" signature="setUp()[pri:0, instance:com.fb.qa.testcases.ForgetPassBtnTest@303cf2ba]" started-at="2023-06-28T12:36:53Z" name="setUp" finished-at="2023-06-28T12:36:57Z" duration-ms="4174" status="PASS">
          <reporter-output>
          </reporter-output>
        </test-method> <!-- setUp -->
        <test-method signature="EmptyEmailSearch()[pri:1, instance:com.fb.qa.testcases.ForgetPassBtnTest@303cf2ba]" started-at="2023-06-28T12:36:57Z" name="EmptyEmailSearch" finished-at="2023-06-28T12:37:00Z" duration-ms="3024" status="PASS">
          <reporter-output>
          </reporter-output>
        </test-method> <!-- EmptyEmailSearch -->
        <test-method is-config="true" signature="closeBrowser()[pri:0, instance:com.fb.qa.testcases.ForgetPassBtnTest@303cf2ba]" started-at="2023-06-28T12:37:00Z" name="closeBrowser" finished-at="2023-06-28T12:37:01Z" duration-ms="774" status="PASS">
          <reporter-output>
          </reporter-output>
        </test-method> <!-- closeBrowser -->
        <test-method is-config="true" signature="setUp()[pri:0, instance:com.fb.qa.testcases.ForgetPassBtnTest@303cf2ba]" started-at="2023-06-28T12:37:10Z" name="setUp" finished-at="2023-06-28T12:37:14Z" duration-ms="3992" status="PASS">
          <reporter-output>
          </reporter-output>
        </test-method> <!-- setUp -->
        <test-method signature="WrongEmailSearch()[pri:2, instance:com.fb.qa.testcases.ForgetPassBtnTest@303cf2ba]" started-at="2023-06-28T12:37:14Z" name="WrongEmailSearch" finished-at="2023-06-28T12:37:17Z" duration-ms="3010" status="PASS">
          <reporter-output>
          </reporter-output>
        </test-method> <!-- WrongEmailSearch -->
        <test-method is-config="true" signature="closeBrowser()[pri:0, instance:com.fb.qa.testcases.ForgetPassBtnTest@303cf2ba]" started-at="2023-06-28T12:37:17Z" name="closeBrowser" finished-at="2023-06-28T12:37:18Z" duration-ms="719" status="PASS">
          <reporter-output>
          </reporter-output>
        </test-method> <!-- closeBrowser -->
      </class> <!-- com.fb.qa.testcases.ForgetPassBtnTest -->
      <class name="com.fb.qa.testcases.LoginPageTest">
        <test-method is-config="true" signature="setUp()[pri:0, instance:com.fb.qa.testcases.LoginPageTest@76494737]" started-at="2023-06-28T12:37:01Z" name="setUp" finished-at="2023-06-28T12:37:05Z" duration-ms="4181" status="PASS">
          <reporter-output>
          </reporter-output>
        </test-method> <!-- setUp -->
        <test-method signature="emptyEmailloginTest()[pri:1, instance:com.fb.qa.testcases.LoginPageTest@76494737]" started-at="2023-06-28T12:37:05Z" name="emptyEmailloginTest" finished-at="2023-06-28T12:37:09Z" duration-ms="4305" status="PASS">
          <reporter-output>
          </reporter-output>
        </test-method> <!-- emptyEmailloginTest -->
        <test-method is-config="true" signature="closeBrowser()[pri:0, instance:com.fb.qa.testcases.LoginPageTest@76494737]" started-at="2023-06-28T12:37:09Z" name="closeBrowser" finished-at="2023-06-28T12:37:10Z" duration-ms="733" status="PASS">
          <reporter-output>
          </reporter-output>
        </test-method> <!-- closeBrowser -->
        <test-method is-config="true" signature="setUp()[pri:0, instance:com.fb.qa.testcases.LoginPageTest@76494737]" started-at="2023-06-28T12:37:18Z" name="setUp" finished-at="2023-06-28T12:37:22Z" duration-ms="3978" status="PASS">
          <reporter-output>
          </reporter-output>
        </test-method> <!-- setUp -->
        <test-method signature="emptyPassloginTest()[pri:2, instance:com.fb.qa.testcases.LoginPageTest@76494737]" started-at="2023-06-28T12:37:22Z" name="emptyPassloginTest" finished-at="2023-06-28T12:37:26Z" duration-ms="4334" status="PASS">
          <reporter-output>
          </reporter-output>
        </test-method> <!-- emptyPassloginTest -->
        <test-method is-config="true" signature="closeBrowser()[pri:0, instance:com.fb.qa.testcases.LoginPageTest@76494737]" started-at="2023-06-28T12:37:26Z" name="closeBrowser" finished-at="2023-06-28T12:37:27Z" duration-ms="723" status="PASS">
          <reporter-output>
          </reporter-output>
        </test-method> <!-- closeBrowser -->
      </class> <!-- com.fb.qa.testcases.LoginPageTest -->
    </test> <!-- Surefire test -->
  </suite> <!-- Surefire suite -->
</testng-results>
