<?xml version="1.0" encoding="UTF-8"?>
<testng-results ignored="0" total="1" passed="1" failed="0" skipped="0">
  <reporter-output>
  </reporter-output>
  <suite started-at="2023-06-28T12:34:33 GMT-04:00" name="Default suite" finished-at="2023-06-28T12:34:40 GMT-04:00" duration-ms="6741">
    <groups>
    </groups>
    <test started-at="2023-06-28T12:34:33 GMT-04:00" name="Default test" finished-at="2023-06-28T12:34:40 GMT-04:00" duration-ms="6741">
      <class name="com.fb.qa.testcases.CreateAnAccountTest">
        <test-method is-config="true" signature="setUp()[pri:0, instance:com.fb.qa.testcases.CreateAnAccountTest@6c779568]" started-at="2023-06-28T12:34:34 GMT-04:00" name="setUp" finished-at="2023-06-28T12:34:38 GMT-04:00" duration-ms="4245" status="PASS">
          <reporter-output>
          </reporter-output>
        </test-method> <!-- setUp -->
        <test-method signature="ClickOnCreateAnAccountBtn(java.lang.String, java.lang.String, java.lang.String, java.lang.String, java.lang.String, java.lang.String)[pri:0, instance:com.fb.qa.testcases.CreateAnAccountTest@6c779568]" started-at="2023-06-28T12:34:38 GMT-04:00" name="ClickOnCreateAnAccountBtn" data-provider="getFbTestData" finished-at="2023-06-28T12:34:39 GMT-04:00" duration-ms="1499" status="PASS">
          <params>
            <param index="0">
              <value>
                <![CDATA[patel]]>
              </value>
            </param>
            <param index="1">
              <value>
                <![CDATA[jensi.pate12345@outlook.com]]>
              </value>
            </param>
            <param index="2">
              <value>
                <![CDATA[jensi---12345]]>
              </value>
            </param>
            <param index="3">
              <value>
                <![CDATA[5.0]]>
              </value>
            </param>
            <param index="4">
              <value>
                <![CDATA[28.0]]>
              </value>
            </param>
            <param index="5">
              <value>
                <![CDATA[1995.0]]>
              </value>
            </param>
          </params>
          <reporter-output>
          </reporter-output>
        </test-method> <!-- ClickOnCreateAnAccountBtn -->
        <test-method is-config="true" signature="closeBrowser()[pri:0, instance:com.fb.qa.testcases.CreateAnAccountTest@6c779568]" started-at="2023-06-28T12:34:39 GMT-04:00" name="closeBrowser" finished-at="2023-06-28T12:34:40 GMT-04:00" duration-ms="305" status="PASS">
          <reporter-output>
          </reporter-output>
        </test-method> <!-- closeBrowser -->
      </class> <!-- com.fb.qa.testcases.CreateAnAccountTest -->
    </test> <!-- Default test -->
  </suite> <!-- Default suite -->
</testng-results>
